android/app/build_bk/outputs/logs/manifest-merger-release-report.txt
-- Merging decision tree log ---
provider#com.vinzscam.reactnativefileviewer.FileProvider
INJECTED from src\main\AndroidManifest.xml:46:9-55:20
MERGED from [:react-native-file-viewer] AndroidManifest.xml:8:9-16:20
MERGED from [:react-native-file-viewer] AndroidManifest.xml:8:9-16:20
	android:grantUriPermissions
		ADDED from src\main\AndroidManifest.xml:50:13-47
	android:authorities
		INJECTED from src\main\AndroidManifest.xml
		ADDED from src\main\AndroidManifest.xml:48:13-60
	android:exported
		ADDED from src\main\AndroidManifest.xml:49:13-37
	android:name
		ADDED from src\main\AndroidManifest.xml:47:13-75
manifest
ADDED from src\main\AndroidManifest.xml:1:1-127:12
INJECTED from src\main\AndroidManifest.xml:1:1-127:12
INJECTED from src\main\AndroidManifest.xml:1:1-127:12
INJECTED from src\main\AndroidManifest.xml:1:1-127:12
MERGED from [:react-native-gesture-handler] AndroidManifest.xml:2:1-7:12
MERGED from [:react-native-pager-view] AndroidManifest.xml:2:1-7:12
MERGED from [:react-native-safe-area-context] AndroidManifest.xml:2:1-7:12
MERGED from [:react-native-screens] AndroidManifest.xml:2:1-7:12
MERGED from [:react-native-webview] AndroidManifest.xml:2:1-19:12
MERGED from [:react-native-community_async-storage] AndroidManifest.xml:2:1-7:12
MERGED from [:react-native-community_datetimepicker] AndroidManifest.xml:2:1-9:12
MERGED from [:react-native-community_netinfo] AndroidManifest.xml:2:1-10:12
MERGED from [:react-native-firebase_messaging] AndroidManifest.xml:2:1-43:12
MERGED from [:react-native-firebase_app] AndroidManifest.xml:2:1-30:12
MERGED from [:react-native-masked-view_masked-view] AndroidManifest.xml:2:1-7:12
MERGED from [:react-native-blob-util] AndroidManifest.xml:2:1-46:12
MERGED from [:react-native-camera] AndroidManifest.xml:2:1-16:12
MERGED from [:react-native-default-preference] AndroidManifest.xml:2:1-7:12
MERGED from [:react-native-device-info] AndroidManifest.xml:2:1-7:12
MERGED from [:react-native-document-picker] AndroidManifest.xml:2:1-7:12
MERGED from [:react-native-fast-image] AndroidManifest.xml:2:1-7:12
MERGED from [:react-native-file-viewer] AndroidManifest.xml:2:1-19:12
MERGED from [:react-native-flipper] AndroidManifest.xml:2:1-7:12
MERGED from [:react-native-fs] AndroidManifest.xml:2:1-9:12
MERGED from [:react-native-get-location] AndroidManifest.xml:2:1-7:12
MERGED from [:react-native-image-picker] AndroidManifest.xml:2:1-19:12
MERGED from [:react-native-linear-gradient] AndroidManifest.xml:2:1-7:12
MERGED from [:react-native-maps] AndroidManifest.xml:2:1-7:12
MERGED from [:react-native-month-year-picker] AndroidManifest.xml:2:1-7:12
MERGED from [:react-native-pdf] AndroidManifest.xml:2:1-7:12
MERGED from [:react-native-push-notification] AndroidManifest.xml:2:1-7:12
MERGED from [:react-native-reanimated] AndroidManifest.xml:2:1-7:12
MERGED from [:react-native-restart] AndroidManifest.xml:2:1-7:12
MERGED from [:react-native-splash-screen] AndroidManifest.xml:2:1-7:12
MERGED from [:react-native-sqlite-storage] AndroidManifest.xml:2:1-7:12
MERGED from [:react-native-svg] AndroidManifest.xml:2:1-7:12
MERGED from [:react-native-touch-id] AndroidManifest.xml:2:1-9:12
MERGED from [:react-native-vector-icons] AndroidManifest.xml:2:1-7:12
MERGED from [:rn-fetch-blob] AndroidManifest.xml:2:1-43:12
MERGED from [com.facebook.react:react-android:0.75.3] AndroidManifest.xml:2:1-12:12
MERGED from [com.github.zacharee:AndroidPdfViewer:4.0.1] AndroidManifest.xml:2:1-7:12
MERGED from [io.legere:pdfiumandroid:1.0.19] AndroidManifest.xml:2:1-7:12
MERGED from [com.google.android.material:material:1.6.1] AndroidManifest.xml:17:1-26:12
MERGED from [androidx.appcompat:appcompat-resources:1.6.1] AndroidManifest.xml:17:1-22:12
MERGED from [androidx.constraintlayout:constraintlayout:2.0.1] AndroidManifest.xml:2:1-11:12
MERGED from [androidx.appcompat:appcompat:1.6.1] AndroidManifest.xml:17:1-22:12
MERGED from [com.github.bumptech.glide:okhttp3-integration:4.12.0] AndroidManifest.xml:2:1-16:12
MERGED from [com.facebook.fresco:imagepipeline-okhttp3:3.2.0] AndroidManifest.xml:2:1-7:12
MERGED from [com.google.firebase:firebase-messaging:24.0.1] AndroidManifest.xml:17:1-66:12
MERGED from [com.google.firebase:firebase-installations:18.0.0] AndroidManifest.xml:2:1-24:12
MERGED from [com.google.firebase:firebase-common-ktx:21.0.0] AndroidManifest.xml:2:1-18:12
MERGED from [com.google.firebase:firebase-common:21.0.0] AndroidManifest.xml:15:1-41:12
MERGED from [com.google.android.gms:play-services-auth:21.2.0] AndroidManifest.xml:17:1-40:12
MERGED from [androidx.legacy:legacy-support-v4:1.0.0] AndroidManifest.xml:17:1-22:12
MERGED from [com.github.bumptech.glide:glide:4.12.0] AndroidManifest.xml:2:1-12:12
MERGED from [com.google.maps.android:android-maps-utils:3.8.2] AndroidManifest.xml:2:1-13:12
MERGED from [com.google.android.gms:play-services-maps:18.2.0] AndroidManifest.xml:17:1-44:12
MERGED from [androidx.viewpager2:viewpager2:1.0.0] AndroidManifest.xml:17:1-24:12
MERGED from [com.google.android.gms:play-services-mlkit-barcode-scanning:16.2.0] AndroidManifest.xml:2:1-18:12
MERGED from [com.google.android.gms:play-services-mlkit-face-detection:16.2.0] AndroidManifest.xml:2:1-18:12
MERGED from [com.google.android.gms:play-services-mlkit-text-recognition:16.3.0] AndroidManifest.xml:2:1-18:12
MERGED from [com.google.android.gms:play-services-iid:17.0.0] AndroidManifest.xml:17:1-28:12
MERGED from [com.google.android.gms:play-services-location:21.0.1] AndroidManifest.xml:2:1-9:12
MERGED from [com.google.android.gms:play-services-auth-api-phone:18.0.2] AndroidManifest.xml:2:1-7:12
MERGED from [com.google.android.gms:play-services-auth-base:18.0.10] AndroidManifest.xml:2:1-7:12
MERGED from [com.google.android.gms:play-services-fido:20.0.1] AndroidManifest.xml:2:1-10:12
MERGED from [com.google.mlkit:vision-common:16.5.0] AndroidManifest.xml:2:1-18:12
MERGED from [com.google.mlkit:common:17.2.0] AndroidManifest.xml:2:1-26:12
MERGED from [com.google.android.gms:play-services-base:18.3.0] AndroidManifest.xml:16:1-24:12
MERGED from [com.google.firebase:firebase-iid-interop:17.1.0] AndroidManifest.xml:2:1-10:12
MERGED from [com.google.android.gms:play-services-cloud-messaging:17.2.0] AndroidManifest.xml:2:1-13:12
MERGED from [com.google.firebase:firebase-installations-interop:17.1.1] AndroidManifest.xml:15:1-19:12
MERGED from [androidx.activity:activity:1.6.0] AndroidManifest.xml:17:1-22:12
MERGED from [androidx.legacy:legacy-support-core-ui:1.0.0] AndroidManifest.xml:17:1-22:12
MERGED from [androidx.dynamicanimation:dynamicanimation:1.0.0] AndroidManifest.xml:17:1-22:12
MERGED from [com.google.android.gms:play-services-stats:17.0.2] AndroidManifest.xml:2:1-9:12
MERGED from [androidx.legacy:legacy-support-core-utils:1.0.0] AndroidManifest.xml:17:1-22:12
MERGED from [androidx.loader:loader:1.1.0] AndroidManifest.xml:17:1-24:12
MERGED from [androidx.lifecycle:lifecycle-viewmodel:2.5.1] AndroidManifest.xml:17:1-24:12
MERGED from [androidx.lifecycle:lifecycle-viewmodel-savedstate:2.5.1] AndroidManifest.xml:17:1-24:12
MERGED from [com.google.android.gms:play-services-tasks:18.1.0] AndroidManifest.xml:2:1-6:12
MERGED from [com.google.firebase:firebase-measurement-connector:19.0.0] AndroidManifest.xml:17:1-25:12
MERGED from [com.google.android.gms:play-services-basement:18.3.0] AndroidManifest.xml:16:1-26:12
MERGED from [androidx.fragment:fragment:1.5.7] AndroidManifest.xml:17:1-24:12
MERGED from [androidx.work:work-runtime:2.7.1] AndroidManifest.xml:17:1-145:12
MERGED from [androidx.swiperefreshlayout:swiperefreshlayout:1.1.0] AndroidManifest.xml:17:1-24:12
MERGED from [androidx.coordinatorlayout:coordinatorlayout:1.2.0] AndroidManifest.xml:17:1-24:12
MERGED from [androidx.webkit:webkit:1.4.0] AndroidManifest.xml:17:1-24:12
MERGED from [androidx.autofill:autofill:1.1.0] AndroidManifest.xml:17:1-24:12
MERGED from [androidx.media:media:1.0.0] AndroidManifest.xml:17:1-22:12
MERGED from [androidx.recyclerview:recyclerview:1.1.0] AndroidManifest.xml:17:1-24:12
MERGED from [androidx.transition:transition:1.2.0] AndroidManifest.xml:17:1-24:12
MERGED from [androidx.drawerlayout:drawerlayout:1.1.1] AndroidManifest.xml:17:1-24:12
MERGED from [androidx.vectordrawable:vectordrawable-animated:1.1.0] AndroidManifest.xml:17:1-24:12
MERGED from [androidx.vectordrawable:vectordrawable:1.1.0] AndroidManifest.xml:17:1-24:12
MERGED from [androidx.emoji2:emoji2-views-helper:1.2.0] AndroidManifest.xml:2:1-7:12
MERGED from [androidx.emoji2:emoji2:1.2.0] AndroidManifest.xml:17:1-35:12
MERGED from [com.facebook.fresco:fresco:3.2.0] AndroidManifest.xml:2:1-7:12
MERGED from [com.facebook.fresco:drawee:3.2.0] AndroidManifest.xml:2:1-7:12
MERGED from [com.facebook.fresco:nativeimagefilters:3.2.0] AndroidManifest.xml:2:1-7:12
MERGED from [com.facebook.fresco:memory-type-native:3.2.0] AndroidManifest.xml:2:1-7:12
MERGED from [com.facebook.fresco:memory-type-java:3.2.0] AndroidManifest.xml:2:1-7:12
MERGED from [com.facebook.fresco:imagepipeline-native:3.2.0] AndroidManifest.xml:2:1-7:12
MERGED from [com.facebook.fresco:memory-type-ashmem:3.2.0] AndroidManifest.xml:2:1-7:12
MERGED from [com.facebook.fresco:imagepipeline:3.2.0] AndroidManifest.xml:2:1-7:12
MERGED from [com.facebook.fresco:nativeimagetranscoder:3.2.0] AndroidManifest.xml:2:1-7:12
MERGED from [com.facebook.fresco:imagepipeline-base:3.2.0] AndroidManifest.xml:2:1-7:12
MERGED from [com.facebook.fresco:middleware:3.2.0] AndroidManifest.xml:2:1-7:12
MERGED from [com.facebook.fresco:ui-common:3.2.0] AndroidManifest.xml:2:1-7:12
MERGED from [com.facebook.fresco:soloader:3.2.0] AndroidManifest.xml:2:1-7:12
MERGED from [com.facebook.fresco:fbcore:3.2.0] AndroidManifest.xml:2:1-7:12
MERGED from [androidx.viewpager:viewpager:1.0.0] AndroidManifest.xml:17:1-22:12
MERGED from [androidx.slidingpanelayout:slidingpanelayout:1.0.0] AndroidManifest.xml:17:1-22:12
MERGED from [androidx.asynclayoutinflater:asynclayoutinflater:1.0.0] AndroidManifest.xml:17:1-22:12
MERGED from [androidx.core:core-ktx:1.12.0] AndroidManifest.xml:2:1-7:12
MERGED from [androidx.customview:customview:1.1.0] AndroidManifest.xml:17:1-24:12
MERGED from [androidx.core:core:1.12.0] AndroidManifest.xml:17:1-30:12
MERGED from [androidx.savedstate:savedstate:1.2.0] AndroidManifest.xml:17:1-24:12
MERGED from [com.facebook.react:hermes-android:0.75.3] AndroidManifest.xml:2:1-7:12
MERGED from [androidx.exifinterface:exifinterface:1.3.3] AndroidManifest.xml:17:1-24:12
MERGED from [androidx.lifecycle:lifecycle-process:2.4.1] AndroidManifest.xml:17:1-37:12
MERGED from [androidx.startup:startup-runtime:1.1.1] AndroidManifest.xml:17:1-33:12
MERGED from [androidx.tracing:tracing:1.1.0] AndroidManifest.xml:17:1-24:12
MERGED from [com.google.firebase:firebase-datatransport:18.2.0] AndroidManifest.xml:15:1-31:12
MERGED from [com.google.android.datatransport:transport-backend-cct:3.1.9] AndroidManifest.xml:15:1-37:12
MERGED from [com.google.firebase:firebase-encoders-json:18.0.0] AndroidManifest.xml:15:1-23:12
MERGED from [com.google.android.datatransport:transport-runtime:3.1.9] AndroidManifest.xml:15:1-41:12
MERGED from [com.github.bumptech.glide:gifdecoder:4.12.0] AndroidManifest.xml:2:1-11:12
MERGED from [androidx.room:room-runtime:2.2.5] AndroidManifest.xml:17:1-31:12
MERGED from [androidx.sqlite:sqlite-framework:2.1.0] AndroidManifest.xml:17:1-24:12
MERGED from [androidx.sqlite:sqlite:2.1.0] AndroidManifest.xml:17:1-24:12
MERGED from [androidx.versionedparcelable:versionedparcelable:1.1.1] AndroidManifest.xml:17:1-27:12
MERGED from [androidx.interpolator:interpolator:1.0.0] AndroidManifest.xml:17:1-22:12
MERGED from [androidx.cardview:cardview:1.0.0] AndroidManifest.xml:17:1-22:12
MERGED from [androidx.lifecycle:lifecycle-service:2.1.0] AndroidManifest.xml:17:1-22:12
MERGED from [androidx.lifecycle:lifecycle-runtime:2.5.1] AndroidManifest.xml:17:1-24:12
MERGED from [androidx.cursoradapter:cursoradapter:1.0.0] AndroidManifest.xml:17:1-22:12
MERGED from [com.google.firebase:firebase-components:18.0.0] AndroidManifest.xml:15:1-20:12
MERGED from [com.google.android.datatransport:transport-api:3.1.0] AndroidManifest.xml:15:1-20:12
MERGED from [androidx.documentfile:documentfile:1.0.0] AndroidManifest.xml:17:1-22:12
MERGED from [androidx.localbroadcastmanager:localbroadcastmanager:1.0.0] AndroidManifest.xml:17:1-22:12
MERGED from [androidx.print:print:1.0.0] AndroidManifest.xml:17:1-22:12
MERGED from [androidx.lifecycle:lifecycle-livedata:2.1.0] AndroidManifest.xml:17:1-22:12
MERGED from [androidx.lifecycle:lifecycle-livedata-core:2.5.1] AndroidManifest.xml:17:1-24:12
MERGED from [androidx.arch.core:core-runtime:2.1.0] AndroidManifest.xml:17:1-24:12
MERGED from [androidx.annotation:annotation-experimental:1.3.0] AndroidManifest.xml:17:1-22:12
MERGED from [:react-native-sound] AndroidManifest.xml:2:1-8:12
MERGED from [androidx.multidex:multidex:2.0.0] AndroidManifest.xml:17:1-22:12
MERGED from [com.android.installreferrer:installreferrer:1.1.2] AndroidManifest.xml:2:1-13:12
MERGED from [me.leolin:ShortcutBadger:1.1.22] AndroidManifest.xml:2:1-52:12
MERGED from [com.jakewharton:process-phoenix:2.1.2] AndroidManifest.xml:2:1-15:12
MERGED from [com.facebook.fbjni:fbjni:0.6.0] AndroidManifest.xml:2:1-7:12
MERGED from [com.facebook.soloader:soloader:0.11.0] AndroidManifest.xml:2:1-17:12
MERGED from [com.google.android.odml:image:1.0.0-beta1] AndroidManifest.xml:2:1-9:12
	package
		INJECTED from src\main\AndroidManifest.xml
	android:versionName
		INJECTED from src\main\AndroidManifest.xml
	android:versionCode
		INJECTED from src\main\AndroidManifest.xml
	xmlns:android
		ADDED from src\main\AndroidManifest.xml:1:11-69
uses-permission#android.permission.INTERNET
ADDED from src\main\AndroidManifest.xml:3:5-67
MERGED from [:react-native-firebase_messaging] AndroidManifest.xml:7:5-67
MERGED from [:react-native-firebase_messaging] AndroidManifest.xml:7:5-67
MERGED from [:react-native-blob-util] AndroidManifest.xml:8:5-67
MERGED from [:react-native-blob-util] AndroidManifest.xml:8:5-67
MERGED from [:rn-fetch-blob] AndroidManifest.xml:11:5-67
MERGED from [:rn-fetch-blob] AndroidManifest.xml:11:5-67
MERGED from [com.google.firebase:firebase-installations:18.0.0] AndroidManifest.xml:8:5-67
MERGED from [com.google.firebase:firebase-installations:18.0.0] AndroidManifest.xml:8:5-67
MERGED from [com.google.android.gms:play-services-maps:18.2.0] AndroidManifest.xml:24:5-67
MERGED from [com.google.android.gms:play-services-maps:18.2.0] AndroidManifest.xml:24:5-67
MERGED from [com.google.android.gms:play-services-iid:17.0.0] AndroidManifest.xml:24:5-67
MERGED from [com.google.android.gms:play-services-iid:17.0.0] AndroidManifest.xml:24:5-67
MERGED from [com.google.android.gms:play-services-cloud-messaging:17.2.0] AndroidManifest.xml:8:5-67
MERGED from [com.google.android.gms:play-services-cloud-messaging:17.2.0] AndroidManifest.xml:8:5-67
MERGED from [com.google.android.datatransport:transport-backend-cct:3.1.9] AndroidManifest.xml:25:5-67
MERGED from [com.google.android.datatransport:transport-backend-cct:3.1.9] AndroidManifest.xml:25:5-67
	android:name
		ADDED from src\main\AndroidManifest.xml:3:22-64
uses-permission#android.permission.BROADCAST_CLOSE_SYSTEM_DIALOGS
ADDED from src\main\AndroidManifest.xml:4:5-89
	android:name
		ADDED from src\main\AndroidManifest.xml:4:22-86
uses-permission#android.permission.CAMERA
ADDED from src\main\AndroidManifest.xml:6:2-62
MERGED from [:react-native-camera] AndroidManifest.xml:7:5-65
MERGED from [:react-native-camera] AndroidManifest.xml:7:5-65
	android:name
		ADDED from src\main\AndroidManifest.xml:6:19-59
uses-feature#android.hardware.camera
ADDED from src\main\AndroidManifest.xml:7:5-85
MERGED from [:react-native-camera] AndroidManifest.xml:9:5-11:36
MERGED from [:react-native-camera] AndroidManifest.xml:9:5-11:36
	android:required
		ADDED from src\main\AndroidManifest.xml:7:58-82
	android:name
		ADDED from src\main\AndroidManifest.xml:7:19-57
uses-permission#android.permission.RECORD_AUDIO
ADDED from src\main\AndroidManifest.xml:8:5-71
	android:name
		ADDED from src\main\AndroidManifest.xml:8:22-68
uses-permission#android.permission.READ_EXTERNAL_STORAGE
ADDED from src\main\AndroidManifest.xml:10:2-77
MERGED from [:react-native-blob-util] AndroidManifest.xml:29:5-80
MERGED from [:react-native-blob-util] AndroidManifest.xml:29:5-80
	android:name
		ADDED from src\main\AndroidManifest.xml:10:19-74
uses-permission#android.permission.WRITE_EXTERNAL_STORAGE
ADDED from src\main\AndroidManifest.xml:11:2-78
MERGED from [:react-native-blob-util] AndroidManifest.xml:26:5-81
MERGED from [:react-native-blob-util] AndroidManifest.xml:26:5-81
MERGED from [:react-native-fs] AndroidManifest.xml:7:5-81
MERGED from [:react-native-fs] AndroidManifest.xml:7:5-81
MERGED from [:rn-fetch-blob] AndroidManifest.xml:29:5-81
MERGED from [:rn-fetch-blob] AndroidManifest.xml:29:5-81
	android:name
		ADDED from src\main\AndroidManifest.xml:11:19-75
uses-permission#android.permission.USE_FINGERPRINT
ADDED from src\main\AndroidManifest.xml:13:5-14:61
MERGED from [:react-native-touch-id] AndroidManifest.xml:7:5-74
MERGED from [:react-native-touch-id] AndroidManifest.xml:7:5-74
	android:name
		ADDED from src\main\AndroidManifest.xml:14:9-58
uses-permission#android.permission.DOWNLOAD_WITHOUT_NOTIFICATION
ADDED from src\main\AndroidManifest.xml:22:5-23:75
MERGED from [:react-native-blob-util] AndroidManifest.xml:32:5-88
MERGED from [:react-native-blob-util] AndroidManifest.xml:32:5-88
	android:name
		ADDED from src\main\AndroidManifest.xml:23:9-72
uses-permission#android.permission.SYSTEM_ALERT_WINDOW
ADDED from src\main\AndroidManifest.xml:24:5-25:65
	android:name
		ADDED from src\main\AndroidManifest.xml:25:9-62
uses-permission#android.permission.ACCESS_NETWORK_STATE
ADDED from src\main\AndroidManifest.xml:26:5-27:66
MERGED from [:react-native-community_netinfo] AndroidManifest.xml:7:5-79
MERGED from [:react-native-community_netinfo] AndroidManifest.xml:7:5-79
MERGED from [:react-native-firebase_messaging] AndroidManifest.xml:9:5-79
MERGED from [:react-native-firebase_messaging] AndroidManifest.xml:9:5-79
MERGED from [:react-native-blob-util] AndroidManifest.xml:20:5-79
MERGED from [:react-native-blob-util] AndroidManifest.xml:20:5-79
MERGED from [:rn-fetch-blob] AndroidManifest.xml:23:5-79
MERGED from [:rn-fetch-blob] AndroidManifest.xml:23:5-79
MERGED from [com.google.firebase:firebase-messaging:24.0.1] AndroidManifest.xml:22:5-79
MERGED from [com.google.firebase:firebase-messaging:24.0.1] AndroidManifest.xml:22:5-79
MERGED from [com.google.firebase:firebase-installations:18.0.0] AndroidManifest.xml:7:5-79
MERGED from [com.google.firebase:firebase-installations:18.0.0] AndroidManifest.xml:7:5-79
MERGED from [com.google.android.gms:play-services-maps:18.2.0] AndroidManifest.xml:23:5-79
MERGED from [com.google.android.gms:play-services-maps:18.2.0] AndroidManifest.xml:23:5-79
MERGED from [com.google.android.gms:play-services-cloud-messaging:17.2.0] AndroidManifest.xml:7:5-79
MERGED from [com.google.android.gms:play-services-cloud-messaging:17.2.0] AndroidManifest.xml:7:5-79
MERGED from [androidx.work:work-runtime:2.7.1] AndroidManifest.xml:26:5-79
MERGED from [androidx.work:work-runtime:2.7.1] AndroidManifest.xml:26:5-79
MERGED from [com.google.android.datatransport:transport-backend-cct:3.1.9] AndroidManifest.xml:24:5-79
MERGED from [com.google.android.datatransport:transport-backend-cct:3.1.9] AndroidManifest.xml:24:5-79
MERGED from [com.google.android.datatransport:transport-runtime:3.1.9] AndroidManifest.xml:22:5-79
MERGED from [com.google.android.datatransport:transport-runtime:3.1.9] AndroidManifest.xml:22:5-79
	android:name
		ADDED from src\main\AndroidManifest.xml:27:9-63
uses-permission#android.permission.VIBRATE
ADDED from src\main\AndroidManifest.xml:28:5-29:53
	android:name
		ADDED from src\main\AndroidManifest.xml:29:9-50
uses-permission#android.permission.RECEIVE_BOOT_COMPLETED
ADDED from src\main\AndroidManifest.xml:30:5-31:68
MERGED from [androidx.work:work-runtime:2.7.1] AndroidManifest.xml:27:5-81
MERGED from [androidx.work:work-runtime:2.7.1] AndroidManifest.xml:27:5-81
	android:name
		ADDED from src\main\AndroidManifest.xml:31:9-65
uses-permission#android.permission.ACCESS_FINE_LOCATION
ADDED from src\main\AndroidManifest.xml:33:5-34:66
	android:name
		ADDED from src\main\AndroidManifest.xml:34:9-63
uses-permission#android.permission.ACCESS_COARSE_LOCATION
ADDED from src\main\AndroidManifest.xml:38:5-39:68
	android:name
		ADDED from src\main\AndroidManifest.xml:39:9-65
application
ADDED from src\main\AndroidManifest.xml:40:5-119:19
INJECTED from src\main\AndroidManifest.xml:40:5-119:19
MERGED from [:react-native-webview] AndroidManifest.xml:7:5-17:19
MERGED from [:react-native-webview] AndroidManifest.xml:7:5-17:19
MERGED from [:react-native-community_datetimepicker] AndroidManifest.xml:7:5-20
MERGED from [:react-native-community_datetimepicker] AndroidManifest.xml:7:5-20
MERGED from [:react-native-firebase_messaging] AndroidManifest.xml:11:5-41:19
MERGED from [:react-native-firebase_messaging] AndroidManifest.xml:11:5-41:19
MERGED from [:react-native-firebase_app] AndroidManifest.xml:8:5-28:19
MERGED from [:react-native-firebase_app] AndroidManifest.xml:8:5-28:19
MERGED from [:react-native-blob-util] AndroidManifest.xml:34:5-44:19
MERGED from [:react-native-blob-util] AndroidManifest.xml:34:5-44:19
MERGED from [:react-native-file-viewer] AndroidManifest.xml:7:5-17:19
MERGED from [:react-native-file-viewer] AndroidManifest.xml:7:5-17:19
MERGED from [:react-native-image-picker] AndroidManifest.xml:7:5-17:19
MERGED from [:react-native-image-picker] AndroidManifest.xml:7:5-17:19
MERGED from [:rn-fetch-blob] AndroidManifest.xml:31:5-41:19
MERGED from [:rn-fetch-blob] AndroidManifest.xml:31:5-41:19
MERGED from [com.google.android.material:material:1.6.1] AndroidManifest.xml:24:5-20
MERGED from [com.google.android.material:material:1.6.1] AndroidManifest.xml:24:5-20
MERGED from [androidx.constraintlayout:constraintlayout:2.0.1] AndroidManifest.xml:9:5-20
MERGED from [androidx.constraintlayout:constraintlayout:2.0.1] AndroidManifest.xml:9:5-20
MERGED from [com.github.bumptech.glide:okhttp3-integration:4.12.0] AndroidManifest.xml:10:5-14:19
MERGED from [com.github.bumptech.glide:okhttp3-integration:4.12.0] AndroidManifest.xml:10:5-14:19
MERGED from [com.google.firebase:firebase-messaging:24.0.1] AndroidManifest.xml:28:5-64:19
MERGED from [com.google.firebase:firebase-messaging:24.0.1] AndroidManifest.xml:28:5-64:19
MERGED from [com.google.firebase:firebase-installations:18.0.0] AndroidManifest.xml:11:5-22:19
MERGED from [com.google.firebase:firebase-installations:18.0.0] AndroidManifest.xml:11:5-22:19
MERGED from [com.google.firebase:firebase-common-ktx:21.0.0] AndroidManifest.xml:8:5-16:19
MERGED from [com.google.firebase:firebase-common-ktx:21.0.0] AndroidManifest.xml:8:5-16:19
MERGED from [com.google.firebase:firebase-common:21.0.0] AndroidManifest.xml:22:5-39:19
MERGED from [com.google.firebase:firebase-common:21.0.0] AndroidManifest.xml:22:5-39:19
MERGED from [com.google.android.gms:play-services-auth:21.2.0] AndroidManifest.xml:22:5-38:19
MERGED from [com.google.android.gms:play-services-auth:21.2.0] AndroidManifest.xml:22:5-38:19
MERGED from [com.github.bumptech.glide:glide:4.12.0] AndroidManifest.xml:10:5-20
MERGED from [com.github.bumptech.glide:glide:4.12.0] AndroidManifest.xml:10:5-20
MERGED from [com.google.maps.android:android-maps-utils:3.8.2] AndroidManifest.xml:7:5-11:19
MERGED from [com.google.maps.android:android-maps-utils:3.8.2] AndroidManifest.xml:7:5-11:19
MERGED from [com.google.android.gms:play-services-maps:18.2.0] AndroidManifest.xml:36:5-42:19
MERGED from [com.google.android.gms:play-services-maps:18.2.0] AndroidManifest.xml:36:5-42:19
MERGED from [com.google.android.gms:play-services-mlkit-barcode-scanning:16.2.0] AndroidManifest.xml:8:5-16:19
MERGED from [com.google.android.gms:play-services-mlkit-barcode-scanning:16.2.0] AndroidManifest.xml:8:5-16:19
MERGED from [com.google.android.gms:play-services-mlkit-face-detection:16.2.0] AndroidManifest.xml:8:5-16:19
MERGED from [com.google.android.gms:play-services-mlkit-face-detection:16.2.0] AndroidManifest.xml:8:5-16:19
MERGED from [com.google.android.gms:play-services-mlkit-text-recognition:16.3.0] AndroidManifest.xml:8:5-16:19
MERGED from [com.google.android.gms:play-services-mlkit-text-recognition:16.3.0] AndroidManifest.xml:8:5-16:19
MERGED from [com.google.android.gms:play-services-iid:17.0.0] AndroidManifest.xml:26:5-20
MERGED from [com.google.android.gms:play-services-iid:17.0.0] AndroidManifest.xml:26:5-20
MERGED from [com.google.android.gms:play-services-location:21.0.1] AndroidManifest.xml:7:5-20
MERGED from [com.google.android.gms:play-services-location:21.0.1] AndroidManifest.xml:7:5-20
MERGED from [com.google.android.gms:play-services-fido:20.0.1] AndroidManifest.xml:7:5-8:19
MERGED from [com.google.android.gms:play-services-fido:20.0.1] AndroidManifest.xml:7:5-8:19
MERGED from [com.google.mlkit:vision-common:16.5.0] AndroidManifest.xml:8:5-16:19
MERGED from [com.google.mlkit:vision-common:16.5.0] AndroidManifest.xml:8:5-16:19
MERGED from [com.google.mlkit:common:17.2.0] AndroidManifest.xml:8:5-24:19
MERGED from [com.google.mlkit:common:17.2.0] AndroidManifest.xml:8:5-24:19
MERGED from [com.google.android.gms:play-services-base:18.3.0] AndroidManifest.xml:19:5-23:19
MERGED from [com.google.android.gms:play-services-base:18.3.0] AndroidManifest.xml:19:5-23:19
MERGED from [com.google.firebase:firebase-iid-interop:17.1.0] AndroidManifest.xml:7:5-8:19
MERGED from [com.google.firebase:firebase-iid-interop:17.1.0] AndroidManifest.xml:7:5-8:19
MERGED from [com.google.android.gms:play-services-stats:17.0.2] AndroidManifest.xml:7:5-20
MERGED from [com.google.android.gms:play-services-stats:17.0.2] AndroidManifest.xml:7:5-20
MERGED from [com.google.android.gms:play-services-tasks:18.1.0] AndroidManifest.xml:5:5-20
MERGED from [com.google.android.gms:play-services-tasks:18.1.0] AndroidManifest.xml:5:5-20
MERGED from [com.google.firebase:firebase-measurement-connector:19.0.0] AndroidManifest.xml:22:5-23:19
MERGED from [com.google.firebase:firebase-measurement-connector:19.0.0] AndroidManifest.xml:22:5-23:19
MERGED from [com.google.android.gms:play-services-basement:18.3.0] AndroidManifest.xml:20:5-24:19
MERGED from [com.google.android.gms:play-services-basement:18.3.0] AndroidManifest.xml:20:5-24:19
MERGED from [androidx.work:work-runtime:2.7.1] AndroidManifest.xml:30:5-143:19
MERGED from [androidx.work:work-runtime:2.7.1] AndroidManifest.xml:30:5-143:19
MERGED from [androidx.emoji2:emoji2:1.2.0] AndroidManifest.xml:23:5-33:19
MERGED from [androidx.emoji2:emoji2:1.2.0] AndroidManifest.xml:23:5-33:19
MERGED from [androidx.core:core:1.12.0] AndroidManifest.xml:28:5-89
MERGED from [androidx.core:core:1.12.0] AndroidManifest.xml:28:5-89
MERGED from [androidx.lifecycle:lifecycle-process:2.4.1] AndroidManifest.xml:25:5-35:19
MERGED from [androidx.lifecycle:lifecycle-process:2.4.1] AndroidManifest.xml:25:5-35:19
MERGED from [androidx.startup:startup-runtime:1.1.1] AndroidManifest.xml:25:5-31:19
MERGED from [androidx.startup:startup-runtime:1.1.1] AndroidManifest.xml:25:5-31:19
MERGED from [com.google.firebase:firebase-datatransport:18.2.0] AndroidManifest.xml:21:5-29:19
MERGED from [com.google.firebase:firebase-datatransport:18.2.0] AndroidManifest.xml:21:5-29:19
MERGED from [com.google.android.datatransport:transport-backend-cct:3.1.9] AndroidManifest.xml:27:5-35:19
MERGED from [com.google.android.datatransport:transport-backend-cct:3.1.9] AndroidManifest.xml:27:5-35:19
MERGED from [com.google.android.datatransport:transport-runtime:3.1.9] AndroidManifest.xml:25:5-39:19
MERGED from [com.google.android.datatransport:transport-runtime:3.1.9] AndroidManifest.xml:25:5-39:19
MERGED from [com.github.bumptech.glide:gifdecoder:4.12.0] AndroidManifest.xml:9:5-20
MERGED from [com.github.bumptech.glide:gifdecoder:4.12.0] AndroidManifest.xml:9:5-20
MERGED from [androidx.room:room-runtime:2.2.5] AndroidManifest.xml:24:5-29:19
MERGED from [androidx.room:room-runtime:2.2.5] AndroidManifest.xml:24:5-29:19
MERGED from [androidx.versionedparcelable:versionedparcelable:1.1.1] AndroidManifest.xml:24:5-25:19
MERGED from [androidx.versionedparcelable:versionedparcelable:1.1.1] AndroidManifest.xml:24:5-25:19
MERGED from [com.android.installreferrer:installreferrer:1.1.2] AndroidManifest.xml:11:5-20
MERGED from [com.android.installreferrer:installreferrer:1.1.2] AndroidManifest.xml:11:5-20
MERGED from [com.jakewharton:process-phoenix:2.1.2] AndroidManifest.xml:7:5-13:19
MERGED from [com.jakewharton:process-phoenix:2.1.2] AndroidManifest.xml:7:5-13:19
MERGED from [com.facebook.soloader:soloader:0.11.0] AndroidManifest.xml:11:5-15:19
MERGED from [com.facebook.soloader:soloader:0.11.0] AndroidManifest.xml:11:5-15:19
MERGED from [com.google.android.odml:image:1.0.0-beta1] AndroidManifest.xml:7:5-20
MERGED from [com.google.android.odml:image:1.0.0-beta1] AndroidManifest.xml:7:5-20
	android:extractNativeLibs
		INJECTED from src\main\AndroidManifest.xml
	android:requestLegacyExternalStorage
		ADDED from src\main\AndroidManifest.xml:43:9-52
	android:appComponentFactory
		ADDED from [androidx.core:core:1.12.0] AndroidManifest.xml:28:18-86
	android:label
		ADDED from src\main\AndroidManifest.xml:42:50-82
	android:windowSoftInputMode
		ADDED from src\main\AndroidManifest.xml:45:9-51
	android:roundIcon
		ADDED from src\main\AndroidManifest.xml:43:53-98
	android:icon
		ADDED from src\main\AndroidManifest.xml:42:9-49
	android:allowBackup
		ADDED from src\main\AndroidManifest.xml:41:41-68
	android:theme
		ADDED from src\main\AndroidManifest.xml:44:9-40
	android:usesCleartextTraffic
		ADDED from src\main\AndroidManifest.xml:44:41-76
	android:name
		ADDED from src\main\AndroidManifest.xml:41:9-40
activity#com.tinvietsoft.SplashActivity
ADDED from src\main\AndroidManifest.xml:64:9-71:20
	android:label